{
  "RSpec": {
    "coverage": {
      "/Users/wtsang/Dropbox/src/civiccommons/rubyconsumer-CivicCommons/lib/s3_config.rb": [
        1,
        1,
        1,
        1,
        null,
        1,
        null,
        null,
        null,
        9,
        9,
        9,
        null,
        9,
        null,
        null,
        1,
        null,
        null
      ],
      "/Users/wtsang/Dropbox/src/civiccommons/rubyconsumer-CivicCommons/app/models/person.rb": [
        1,
        1,
        1,
        1,
        1,
        null,
        null,
        1,
        1,
        1,
        1,
        0,
        null,
        null,
        null,
        null,
        null,
        1,
        null,
        null,
        null,
        null,
        null,
        null,
        null,
        null,
        null,
        1,
        null,
        null,
        null,
        null,
        null,
        null,
        1,
        null,
        null,
        null,
        null,
        null,
        null,
        null,
        null,
        null,
        null,
        null,
        null,
        null,
        null,
        null,
        null,
        null,
        null,
        1,
        null,
        1,
        1,
        1,
        null,
        null,
        1,
        null,
        1,
        null,
        1,
        1,
        null,
        1,
        1,
        null,
        1,
        1,
        1,
        1,
        1,
        1,
        1,
        1,
        null,
        1,
        1,
        null,
        1,
        1,
        null,
        1,
        null,
        1,
        1,
        3141,
        1,
        null,
        1,
        1,
        3140,
        null,
        null,
        1,
        null,
        0,
        null,
        null,
        1,
        0,
        null,
        null,
        null,
        null,
        null,
        null,
        1,
        null,
        null,
        null,
        null,
        null,
        null,
        null,
        null,
        null,
        null,
        1,
        null,
        null,
        1,
        null,
        1,
        0,
        null,
        null,
        1,
        1,
        1,
        1,
        1,
        1,
        null,
        1,
        1,
        1,
        null,
        null,
        1,
        1,
        1,
        1,
        null,
        1,
        null,
        1,
        222,
        null,
        null,
        1,
        7,
        7,
        7,
        null,
        null,
        1,
        null,
        328,
        null,
        null,
        1,
        3208,
        null,
        1,
        2,
        null,
        null,
        1,
        2,
        null,
        null,
        1,
        3208,
        null,
        null,
        1,
        6120,
        null,
        null,
        1,
        18,
        null,
        null,
        1,
        0,
        null,
        null,
        1,
        0,
        null,
        null,
        1,
        228,
        null,
        null,
        1,
        3232,
        null,
        null,
        1,
        0,
        null,
        null,
        1,
        107,
        107,
        null,
        null,
        1,
        8705,
        null,
        null,
        1,
        125,
        null,
        null,
        1,
        2986,
        null,
        null,
        1,
        3208,
        null,
        null,
        1,
        2660,
        2660,
        null,
        null,
        1,
        1,
        null,
        null,
        null,
        null,
        null,
        null,
        null,
        1,
        2990,
        null,
        null,
        null,
        1,
        2986,
        2986,
        4,
        null,
        2982,
        null,
        null,
        null,
        1,
        10,
        null,
        null,
        1,
        3,
        3,
        null,
        null,
        1,
        13,
        13,
        3,
        3,
        3,
        null,
        13,
        null,
        null,
        1,
        27,
        null,
        null,
        null,
        null,
        27,
        25,
        25,
        null,
        27,
        null,
        null,
        1,
        17,
        17,
        3,
        null,
        null,
        17,
        9,
        null,
        null,
        null,
        8,
        null,
        null,
        null,
        null,
        17,
        null,
        null,
        null,
        null,
        null,
        null,
        null,
        null,
        1,
        115,
        115,
        115,
        null,
        null,
        1,
        0,
        0,
        0,
        null,
        null,
        1,
        0,
        null,
        null,
        1,
        12,
        12,
        12,
        12,
        12,
        12,
        12,
        7,
        null,
        null,
        5,
        null,
        null,
        1,
        null,
        3208,
        null,
        3208,
        null,
        3208,
        2992,
        2982,
        null,
        10,
        null,
        null,
        null,
        null,
        1,
        0,
        null,
        null,
        null,
        null,
        null,
        1,
        3,
        null,
        null,
        1,
        null,
        4,
        null,
        null,
        1,
        6341,
        null,
        null,
        1,
        36,
        36,
        36,
        33,
        33,
        33,
        33,
        33,
        null,
        3,
        3,
        null,
        null,
        null,
        1,
        11,
        9,
        null,
        2,
        null,
        null,
        null,
        null,
        null,
        null,
        1,
        1081,
        9,
        9,
        null,
        1081,
        null,
        null,
        null,
        null,
        null,
        1,
        125,
        null,
        null,
        1,
        5,
        null,
        null,
        null,
        null,
        5,
        5,
        null,
        null,
        null,
        1,
        3,
        3,
        3,
        null,
        null,
        1,
        9,
        null,
        null,
        1,
        1,
        null,
        null,
        1,
        9,
        null,
        null,
        1,
        8,
        null,
        null,
        1,
        5,
        null,
        null,
        1,
        0,
        null,
        null,
        1,
        187,
        null,
        null,
        1,
        1,
        3140,
        3140,
        null,
        null,
        1,
        6285,
        106,
        null,
        6179,
        null,
        null,
        null,
        1,
        2981,
        2981,
        11924,
        null,
        2981,
        null,
        null,
        null,
        null,
        null,
        null,
        null,
        1,
        9,
        9,
        null,
        null,
        null,
        null,
        null,
        null,
        null
      ],
      "/Users/wtsang/Dropbox/src/civiccommons/rubyconsumer-CivicCommons/app/concerns/regionable.rb": [
        1,
        null,
        1,
        2,
        2,
        null,
        null,
        null,
        null,
        null,
        null,
        null,
        null,
        null,
        null,
        null,
        null,
        null,
        null,
        null
      ],
      "/Users/wtsang/Dropbox/src/civiccommons/rubyconsumer-CivicCommons/lib/geometry_for_style.rb": [
        1,
        1,
        0,
        0,
        null,
        null,
        null
      ],
      "/Users/wtsang/Dropbox/src/civiccommons/rubyconsumer-CivicCommons/lib/unsubscribe_someone.rb": [
        1,
        1,
        5,
        5,
        null,
        1,
        4,
        null,
        null
      ],
      "/Users/wtsang/Dropbox/src/civiccommons/rubyconsumer-CivicCommons/lib/filter_constraint.rb": [
        1,
        1,
        null,
        null,
        null,
        10,
        10,
        10,
        10,
        null,
        null
      ],
      "/Users/wtsang/Dropbox/src/civiccommons/rubyconsumer-CivicCommons/app/controllers/application_controller.rb": [
        1,
        1,
        1,
        1,
        1,
        null,
        1,
        1,
        1,
        null,
        1,
        null,
        1,
        1,
        1,
        null,
        1,
        15,
        15,
        null,
        null,
        1,
        1542,
        null,
        null,
        1,
        1,
        22,
        10,
        10,
        null,
        null,
        null,
        1,
        9,
        9,
        9,
        0,
        null,
        9,
        null,
        9,
        9,
        9,
        9,
        null,
        null,
        1,
        758,
        null,
        null,
        12,
        1,
        1,
        2,
        1,
        null,
        null,
        11,
        null,
        12,
        null,
        746,
        null,
        null,
        null,
        null,
        null,
        1,
        1153,
        1,
        1,
        null,
        null,
        null,
        1,
        315,
        1,
        null,
        null,
        null,
        1,
        132,
        1,
        131,
        0,
        null,
        131,
        null,
        null,
        null,
        1,
        4,
        4,
        4,
        4,
        null,
        null,
        null,
        null,
        1,
        8,
        4,
        null,
        4,
        null,
        null,
        null,
        1,
        4,
        null,
        null,
        1,
        5379,
        null,
        null,
        null
      ],
      "/Users/wtsang/Dropbox/src/civiccommons/rubyconsumer-CivicCommons/app/helpers/application_helper.rb": [
        1,
        null,
        1,
        450,
        null,
        null,
        1,
        0,
        null,
        null,
        1,
        450,
        null,
        null,
        1,
        6,
        6,
        6,
        1,
        1,
        1,
        null,
        1,
        null,
        6,
        null,
        null,
        1,
        0,
        null,
        0,
        null,
        null,
        1,
        null,
        0,
        null,
        null,
        1,
        0,
        null,
        null,
        1,
        76434,
        null,
        47319,
        null,
        76434,
        null,
        null,
        1,
        0,
        0,
        0,
        0,
        null,
        null,
        null,
        1,
        25,
        25,
        null,
        null,
        1,
        0,
        0,
        0,
        null,
        null,
        1,
        0,
        null,
        null,
        1,
        6067,
        6067,
        null,
        null,
        null,
        null,
        null,
        1,
        2,
        null,
        2,
        null,
        null,
        null,
        2,
        null,
        0,
        null,
        null,
        0,
        null,
        null,
        null
      ],
      "/Users/wtsang/Dropbox/src/civiccommons/rubyconsumer-CivicCommons/app/helpers/actions_helper.rb": [
        1,
        1,
        4,
        null,
        4,
        4,
        null,
        0,
        0,
        null,
        4,
        null,
        null
      ],
      "/Users/wtsang/Dropbox/src/civiccommons/rubyconsumer-CivicCommons/app/helpers/activity_helper.rb": [
        1,
        1,
        169,
        null,
        null,
        1,
        3,
        null,
        null,
        1,
        14,
        null,
        null
      ],
      "/Users/wtsang/Dropbox/src/civiccommons/rubyconsumer-CivicCommons/app/helpers/admin/conversations_helper.rb": [
        1,
        null,
        1,
        5,
        5,
        5,
        null,
        null,
        null
      ],
      "/Users/wtsang/Dropbox/src/civiccommons/rubyconsumer-CivicCommons/app/helpers/admin/dashboard_helper.rb": [
        1,
        null
      ],
      "/Users/wtsang/Dropbox/src/civiccommons/rubyconsumer-CivicCommons/app/helpers/admin/featured_opportunities_helper.rb": [
        1,
        null,
        1,
        12,
        8,
        14,
        null,
        null,
        8,
        null,
        4,
        null,
        12,
        null,
        null,
        1,
        26,
        null,
        null
      ],
      "/Users/wtsang/Dropbox/src/civiccommons/rubyconsumer-CivicCommons/app/helpers/admin/issues_helper.rb": [
        1,
        null
      ],
      "/Users/wtsang/Dropbox/src/civiccommons/rubyconsumer-CivicCommons/app/helpers/admin/people_helper.rb": [
        1,
        null
      ],
      "/Users/wtsang/Dropbox/src/civiccommons/rubyconsumer-CivicCommons/app/helpers/admin/surveys_helper.rb": [
        1,
        null
      ],
      "/Users/wtsang/Dropbox/src/civiccommons/rubyconsumer-CivicCommons/app/helpers/admin/topics_helper.rb": [
        1,
        null
      ],
      "/Users/wtsang/Dropbox/src/civiccommons/rubyconsumer-CivicCommons/app/helpers/admin/widget_stats_helper.rb": [
        1,
        1,
        8,
        8,
        8,
        117,
        117,
        null,
        8,
        null,
        1,
        3,
        null,
        1,
        122,
        122,
        null,
        null
      ],
      "/Users/wtsang/Dropbox/src/civiccommons/rubyconsumer-CivicCommons/app/helpers/authentication_helper.rb": [
        1,
        1,
        11,
        null,
        null,
        1,
        23,
        null,
        null,
        1,
        132,
        null,
        null,
        null,
        1,
        2,
        null,
        null,
        1,
        1,
        1,
        null,
        0,
        null,
        null,
        null
      ],
      "/Users/wtsang/Dropbox/src/civiccommons/rubyconsumer-CivicCommons/app/helpers/avatar_helper.rb": [
        1,
        null,
        null,
        1,
        273,
        273,
        273,
        273,
        null,
        null,
        0,
        null,
        null,
        null,
        1,
        382,
        382,
        382,
        382,
        null,
        null,
        null,
        null,
        1,
        24,
        null,
        null,
        1,
        78,
        null,
        null,
        1,
        0,
        null,
        null,
        1,
        6,
        null,
        null,
        1,
        55,
        null,
        null,
        null,
        1,
        524,
        null,
        null,
        523,
        null,
        null,
        null,
        1,
        273,
        null,
        null,
        1,
        0,
        null,
        null,
        1,
        184,
        184,
        184,
        184,
        null,
        null,
        null,
        null,
        1,
        841,
        null,
        null,
        1,
        248,
        null,
        null,
        null,
        null,
        null,
        null,
        null,
        1,
        0,
        0,
        0,
        0,
        null,
        null,
        null,
        null,
        0,
        null,
        null,
        null
      ],
      "/Users/wtsang/Dropbox/src/civiccommons/rubyconsumer-CivicCommons/app/helpers/blog_helper.rb": [
        1,
        null,
        null,
        null,
        null,
        null,
        null,
        null,
        null,
        null,
        null,
        null,
        null,
        null,
        null,
        null,
        null,
        null,
        null,
        null,
        1,
        33,
        32,
        null,
        null,
        null,
        null,
        null,
        null,
        null,
        null,
        null,
        null,
        null,
        null,
        null,
        null,
        null,
        1,
        24,
        null,
        23,
        null,
        null,
        1,
        15,
        15,
        null,
        null,
        1,
        26,
        3,
        null,
        23,
        null,
        26,
        null,
        null
      ],
      "/Users/wtsang/Dropbox/src/civiccommons/rubyconsumer-CivicCommons/app/helpers/buttons_helper.rb": [
        1,
        null,
        1,
        0,
        null,
        null
      ],
      "/Users/wtsang/Dropbox/src/civiccommons/rubyconsumer-CivicCommons/app/helpers/community_helper.rb": [
        1,
        1,
        36,
        36,
        null,
        10,
        null,
        16,
        null,
        10,
        null,
        0,
        null,
        0,
        null,
        36,
        36,
        36,
        null,
        null,
        1,
        36,
        36,
        36,
        36,
        null,
        16,
        null,
        10,
        null,
        10,
        null,
        36,
        36,
        null,
        null,
        null
      ],
      "/Users/wtsang/Dropbox/src/civiccommons/rubyconsumer-CivicCommons/app/helpers/content_templates_helper.rb": [
        1,
        null,
        1,
        4,
        3,
        null,
        1,
        null,
        null,
        null
      ],
      "/Users/wtsang/Dropbox/src/civiccommons/rubyconsumer-CivicCommons/app/helpers/contributions_helper.rb": [
        1,
        1,
        2,
        2,
        null,
        0,
        null,
        null,
        null,
        1,
        0,
        0,
        null,
        0,
        null,
        null,
        null,
        1,
        2,
        null,
        null,
        null,
        null,
        null,
        null,
        null,
        null,
        2,
        2,
        null,
        null,
        null
      ],
      "/Users/wtsang/Dropbox/src/civiccommons/rubyconsumer-CivicCommons/app/helpers/conversations_helper.rb": [
        1,
        null,
        1,
        80,
        null,
        null,
        1,
        0,
        0,
        0,
        null,
        null,
        1,
        0,
        null,
        0,
        null,
        0,
        null,
        null,
        null,
        1,
        0,
        0,
        null,
        null,
        1,
        0,
        null,
        null,
        1,
        0,
        null,
        null,
        1,
        0,
        0,
        null,
        0,
        null,
        0,
        null,
        0,
        null,
        null,
        0,
        0,
        null,
        0,
        null,
        0,
        null,
        0,
        null,
        0,
        null,
        0,
        null,
        0,
        null,
        0,
        null,
        null,
        0,
        null,
        null,
        1,
        0,
        null,
        0,
        null,
        0,
        null,
        null,
        null,
        0,
        null,
        0,
        null,
        0,
        null,
        0,
        null,
        0,
        0,
        null,
        0,
        null,
        null,
        0,
        null,
        null,
        null,
        null,
        null,
        null,
        1,
        0,
        0,
        0,
        0,
        0,
        null,
        0,
        null,
        null,
        1,
        0,
        0,
        0,
        0,
        0,
        null,
        0,
        null,
        null,
        1,
        0,
        null,
        null,
        1,
        17,
        17,
        17,
        null,
        17,
        null,
        null,
        1,
        1,
        null,
        0,
        null,
        1,
        null,
        0,
        null,
        0,
        null,
        0,
        null,
        null,
        1,
        null,
        1,
        null,
        null,
        1,
        1,
        null,
        0,
        null,
        1,
        null,
        0,
        null,
        0,
        null,
        0,
        null,
        null,
        null,
        1,
        2,
        1,
        null,
        1,
        null,
        2,
        null,
        null,
        1,
        1,
        1,
        0,
        0,
        null,
        0,
        null,
        null,
        1,
        null,
        null,
        1,
        1,
        1,
        null,
        null,
        1,
        0,
        null,
        null,
        1,
        198,
        null,
        null,
        1,
        1,
        1,
        null,
        null,
        null,
        1,
        3,
        2,
        null,
        1,
        null,
        1,
        null,
        null,
        null,
        null,
        null
      ],
      "/Users/wtsang/Dropbox/src/civiccommons/rubyconsumer-CivicCommons/app/helpers/invites_helper.rb": [
        1,
        null,
        1,
        2,
        null,
        null,
        null
      ],
      "/Users/wtsang/Dropbox/src/civiccommons/rubyconsumer-CivicCommons/app/helpers/issues_helper.rb": [
        1,
        1,
        0,
        0,
        0,
        0,
        0,
        0,
        0,
        0,
        null,
        0,
        null,
        null,
        null,
        1,
        0,
        0,
        null,
        0,
        null,
        null,
        null,
        1,
        1,
        0,
        null,
        1,
        null,
        null,
        null,
        1,
        0,
        null,
        null,
        1,
        0,
        0,
        0,
        null,
        0,
        null,
        null
      ],
      "/Users/wtsang/Dropbox/src/civiccommons/rubyconsumer-CivicCommons/app/helpers/meta_helper.rb": [
        1,
        null,
        1,
        41,
        41,
        41,
        41,
        null,
        null,
        null,
        1,
        39,
        null,
        39,
        39,
        null,
        39,
        5,
        5,
        5,
        null,
        null,
        null,
        null,
        null,
        null,
        39,
        null,
        null,
        1,
        6,
        6,
        6,
        6,
        6,
        6,
        null,
        6,
        null,
        null,
        1,
        33,
        null,
        null,
        null,
        1,
        39,
        null,
        null,
        39,
        39,
        39,
        39,
        null,
        null,
        null
      ],
      "/Users/wtsang/Dropbox/src/civiccommons/rubyconsumer-CivicCommons/app/helpers/opportunity_votes_helper.rb": [
        1,
        null,
        1,
        7,
        7,
        null,
        0,
        null,
        null,
        null,
        1,
        7,
        7,
        7,
        null,
        null,
        null,
        null,
        null,
        null,
        null,
        1,
        9,
        9,
        9,
        null,
        null,
        null
      ],
      "/Users/wtsang/Dropbox/src/civiccommons/rubyconsumer-CivicCommons/app/helpers/organizations_helper.rb": [
        1,
        1,
        7,
        3,
        null,
        4,
        null,
        null,
        null
      ],
      "/Users/wtsang/Dropbox/src/civiccommons/rubyconsumer-CivicCommons/app/helpers/profile_helper.rb": [
        1,
        1,
        null,
        null,
        null,
        null,
        null,
        1,
        1,
        12,
        36,
        12,
        20,
        null,
        null,
        null,
        1,
        null,
        1,
        12,
        12,
        12,
        24,
        10,
        50,
        null,
        null,
        12,
        12,
        12,
        null,
        1,
        20,
        null,
        1,
        30,
        30,
        26,
        22,
        17,
        13,
        8,
        null,
        1,
        4,
        null,
        null
      ],
      "/Users/wtsang/Dropbox/src/civiccommons/rubyconsumer-CivicCommons/app/helpers/radioshow_helper.rb": [
        1,
        1,
        4,
        4,
        5,
        2,
        null,
        null,
        1,
        4,
        4,
        5,
        2,
        null,
        null,
        null
      ],
      "/Users/wtsang/Dropbox/src/civiccommons/rubyconsumer-CivicCommons/app/helpers/ratings_helper.rb": [
        1,
        null
      ],
      "/Users/wtsang/Dropbox/src/civiccommons/rubyconsumer-CivicCommons/app/helpers/redirect_helper.rb": [
        1,
        null,
        1,
        274,
        null,
        null,
        1,
        null,
        1,
        null,
        16,
        16,
        16,
        16,
        144,
        144,
        10,
        null,
        null,
        null,
        16,
        null,
        null
      ],
      "/Users/wtsang/Dropbox/src/civiccommons/rubyconsumer-CivicCommons/app/helpers/reflections_helper.rb": [
        1,
        null
      ],
      "/Users/wtsang/Dropbox/src/civiccommons/rubyconsumer-CivicCommons/app/helpers/region_helper.rb": [
        1,
        null,
        null,
        1,
        11,
        null,
        null,
        1,
        2,
        null,
        null,
        null,
        null,
        null,
        1,
        276,
        271,
        null,
        5,
        5,
        null,
        null,
        276,
        null,
        null,
        1,
        39,
        null,
        null,
        null,
        null,
        null,
        1,
        719,
        364,
        355,
        31,
        null,
        null,
        null,
        null,
        null
      ],
      "/Users/wtsang/Dropbox/src/civiccommons/rubyconsumer-CivicCommons/app/helpers/search_helper.rb": [
        1,
        1,
        0,
        0,
        0,
        0,
        null,
        null,
        0,
        null,
        null,
        0,
        0,
        0,
        null,
        null,
        0,
        null,
        null,
        1,
        1,
        2,
        2,
        null,
        null,
        2,
        2,
        2,
        null,
        0,
        0,
        null,
        2,
        null,
        null,
        2,
        2,
        2,
        2,
        2,
        null,
        null,
        1,
        null,
        4,
        4,
        null,
        4,
        null,
        2,
        null,
        4,
        null,
        null,
        1,
        4,
        4,
        3,
        1,
        0,
        null,
        4,
        null,
        null
      ],
      "/Users/wtsang/Dropbox/src/civiccommons/rubyconsumer-CivicCommons/app/helpers/secure_url_helper.rb": [
        1,
        1,
        null,
        1,
        304,
        3,
        null,
        301,
        null,
        null,
        null,
        1,
        0,
        null,
        null,
        1,
        778,
        778,
        null,
        null,
        1,
        3,
        null,
        null,
        1,
        13,
        1,
        null,
        12,
        null,
        null,
        null,
        1,
        260,
        null,
        null,
        1,
        27,
        null,
        null,
        1,
        145,
        1,
        null,
        144,
        null,
        null,
        null,
        1,
        0,
        null,
        null,
        1,
        14,
        null,
        null,
        null
      ],
      "/Users/wtsang/Dropbox/src/civiccommons/rubyconsumer-CivicCommons/app/helpers/surveys_helper.rb": [
        1,
        1,
        9,
        9,
        null,
        9,
        9,
        null,
        null,
        1,
        13,
        12,
        null,
        9,
        9,
        null,
        0,
        0,
        null,
        12,
        null,
        null,
        null,
        1,
        1,
        1,
        0,
        0,
        null,
        1,
        null,
        null,
        null,
        1,
        76,
        null,
        76,
        41,
        null,
        35,
        null,
        null,
        0,
        null,
        null,
        null
      ],
      "/Users/wtsang/Dropbox/src/civiccommons/rubyconsumer-CivicCommons/app/helpers/topics_helper.rb": [
        1,
        1,
        4,
        null,
        null,
        1,
        4,
        4,
        4,
        4,
        null,
        null,
        1,
        18,
        18,
        18,
        18,
        null,
        null,
        1,
        3,
        null,
        null,
        1,
        9,
        null,
        null,
        1,
        31,
        31,
        31,
        null,
        31,
        null,
        26,
        null,
        5,
        null,
        0,
        null,
        null,
        31,
        null,
        null,
        1,
        0,
        0,
        0,
        null,
        null,
        null,
        null,
        null,
        null,
        1,
        35,
        35,
        12,
        null,
        8,
        null,
        15,
        null,
        null,
        35,
        null,
        null,
        null
      ],
      "/Users/wtsang/Dropbox/src/civiccommons/rubyconsumer-CivicCommons/app/helpers/user_helper.rb": [
        1,
        null,
        1,
        6,
        null,
        6,
        1,
        null,
        1,
        null,
        1,
        null,
        1,
        null,
        null,
        6,
        null,
        null,
        1,
        25,
        7,
        null,
        18,
        null,
        null,
        null,
        1,
        25,
        7,
        null,
        18,
        null,
        null,
        null,
        1,
        25,
        7,
        null,
        18,
        null,
        null,
        null,
        1,
        25,
        7,
        null,
        18,
        null,
        null,
        null,
        1,
        25,
        null,
        null,
        1,
        4,
        2,
        null,
        2,
        null,
        null,
        null,
        1,
        0,
        null,
        null,
        1,
        14,
        0,
        14,
        14,
        null,
        null,
        null,
        null
      ],
      "/Users/wtsang/Dropbox/src/civiccommons/rubyconsumer-CivicCommons/app/concerns/homepage_featurable.rb": [
        1,
        1,
        2,
        2,
        null,
        null,
        1,
        4,
        null,
        null,
        1,
        1,
        2,
        null,
        null,
        null
      ],
      "/Users/wtsang/Dropbox/src/civiccommons/rubyconsumer-CivicCommons/app/concerns/subscribable.rb": [
        1,
        1,
        20,
        null,
        null,
        1,
        3,
        null,
        null,
        1,
        142,
        null,
        null,
        1,
        69,
        null,
        null
      ],
      "/Users/wtsang/Dropbox/src/civiccommons/rubyconsumer-CivicCommons/app/concerns/thumbnail.rb": [
        1,
        1,
        5,
        null,
        null,
        1,
        10,
        6,
        null,
        null,
        null,
        null,
        null,
        1,
        8,
        8,
        null,
        null
      ],
      "/Users/wtsang/Dropbox/src/civiccommons/rubyconsumer-CivicCommons/app/concerns/visitable.rb": [
        1,
        null,
        1,
        1,
        6,
        6,
        6,
        6,
        null,
        6,
        null,
        null,
        null,
        null,
        null,
        null,
        1,
        3,
        3,
        null,
        null,
        1,
        37,
        37,
        37,
        37,
        37,
        null,
        null,
        1,
        null,
        21,
        null,
        21,
        21,
        null,
        21,
        null,
        null,
        1,
        40,
        null,
        null,
        null,
        null
      ],
      "/Users/wtsang/Dropbox/src/civiccommons/rubyconsumer-CivicCommons/app/concerns/you_tubeable.rb": [
        1,
        null,
        1,
        1,
        1,
        null,
        null,
        1,
        null,
        1,
        3,
        null,
        null,
        1,
        3,
        3,
        3,
        null,
        3,
        null,
        null,
        1,
        3,
        null,
        null,
        1,
        0,
        null,
        null,
        null
      ],
      "/Users/wtsang/Dropbox/src/civiccommons/rubyconsumer-CivicCommons/app/concerns/you_tubeable_validator.rb": [
        1,
        null,
        1,
        8,
        null,
        null,
        1,
        8,
        null,
        null,
        null
      ],
      "/Users/wtsang/Dropbox/src/civiccommons/rubyconsumer-CivicCommons/app/controllers/actions_controller.rb": [
        1,
        1,
        null,
        1,
        null,
        1,
        12,
        null,
        12,
        0,
        null,
        12,
        0,
        null,
        12,
        null,
        null,
        1,
        1,
        12,
        null,
        null,
        null
      ],
      "/Users/wtsang/Dropbox/src/civiccommons/rubyconsumer-CivicCommons/app/controllers/admin/articles_controller.rb": [
        1,
        null,
        1,
        null,
        null,
        null,
        1,
        2,
        null,
        2,
        2,
        null,
        null,
        null,
        null,
        null,
        1,
        1,
        null,
        1,
        1,
        null,
        null,
        null,
        null,
        null,
        1,
        2,
        null,
        2,
        2,
        null,
        null,
        null,
        null,
        1,
        1,
        null,
        null,
        null,
        null,
        1,
        4,
        null,
        4,
        4,
        4,
        null,
        4,
        null,
        null,
        null,
        null,
        null,
        null,
        1,
        5,
        null,
        5,
        5,
        4,
        null,
        6,
        null,
        null,
        null,
        null,
        null,
        null,
        1,
        2,
        2,
        null,
        2,
        4,
        null,
        null,
        null
      ],
      "/Users/wtsang/Dropbox/src/civiccommons/rubyconsumer-CivicCommons/app/controllers/admin/dashboard_controller.rb": [
        1,
        1,
        null,
        1,
        1,
        null,
        1,
        null,
        1,
        76,
        null,
        null,
        null
      ],
      "/Users/wtsang/Dropbox/src/civiccommons/rubyconsumer-CivicCommons/app/controllers/admin/content_item_links_controller.rb": [
        1,
        null,
        1,
        null,
        1,
        null,
        1,
        5,
        null,
        null,
        1,
        2,
        null,
        null,
        1,
        2,
        null,
        null,
        1,
        3,
        3,
        2,
        null,
        1,
        null,
        null,
        null,
        1,
        3,
        3,
        2,
        null,
        1,
        null,
        null,
        null,
        null,
        1,
        1,
        1,
        null,
        null,
        1,
        1,
        16,
        null,
        null
      ],
      "/Users/wtsang/Dropbox/src/civiccommons/rubyconsumer-CivicCommons/app/controllers/admin/content_items_controller.rb": [
        1,
        null,
        1,
        null,
        null,
        1,
        22,
        17,
        17,
        17,
        null,
        5,
        5,
        null,
        null,
        null,
        1,
        20,
        20,
        20,
        20,
        20,
        null,
        null,
        1,
        24,
        0,
        null,
        null,
        24,
        null,
        24,
        24,
        24,
        null,
        3,
        3,
        null,
        null,
        24,
        null,
        24,
        null,
        24,
        11,
        11,
        null,
        13,
        13,
        null,
        null,
        null,
        1,
        4,
        4,
        null,
        4,
        4,
        null,
        0,
        0,
        null,
        null,
        null,
        1,
        15,
        15,
        null,
        null,
        1,
        7,
        7,
        7,
        7,
        null,
        null,
        1,
        3,
        3,
        3,
        3,
        null,
        null,
        1,
        10,
        10,
        null,
        10,
        10,
        9,
        null,
        1,
        1,
        null,
        null,
        10,
        null,
        10,
        6,
        6,
        null,
        4,
        4,
        null,
        null,
        null,
        1,
        0,
        0,
        null,
        0,
        0,
        null,
        0,
        0,
        null,
        null,
        null,
        null,
        1,
        null,
        1,
        30,
        2,
        null,
        30,
        null,
        null,
        1,
        0,
        0,
        0,
        null,
        null,
        null,
        null
      ],
      "/Users/wtsang/Dropbox/src/civiccommons/rubyconsumer-CivicCommons/app/controllers/admin/content_items_people_controller.rb": [
        1,
        null,
        1,
        null,
        1,
        null,
        1,
        8,
        8,
        null,
        null,
        1,
        12,
        4,
        4,
        null,
        8,
        8,
        null,
        12,
        12,
        null,
        null,
        1,
        7,
        7,
        7,
        null,
        null,
        1,
        5,
        5,
        5,
        null,
        null,
        1,
        1,
        32,
        null,
        null
      ],
      "/Users/wtsang/Dropbox/src/civiccommons/rubyconsumer-CivicCommons/app/controllers/admin/content_templates_controller.rb": [
        1,
        null,
        1,
        null,
        null,
        1,
        2,
        null,
        null,
        null,
        1,
        1,
        null,
        null,
        null,
        1,
        2,
        null,
        null,
        null,
        1,
        1,
        null,
        null,
        null,
        1,
        4,
        4,
        null,
        4,
        2,
        null,
        2,
        null,
        null,
        null,
        null,
        1,
        5,
        5,
        5,
        null,
        5,
        3,
        null,
        2,
        null,
        null,
        null,
        null,
        1,
        2,
        2,
        2,
        null,
        null
      ],
      "/Users/wtsang/Dropbox/src/civiccommons/rubyconsumer-CivicCommons/app/controllers/admin/conversations_controller.rb": [
        1,
        null,
        1,
        null,
        null,
        1,
        5,
        null,
        null,
        null,
        1,
        4,
        4,
        null,
        null,
        null,
        1,
        0,
        null,
        null,
        null,
        1,
        0,
        0,
        0,
        0,
        0,
        0,
        null,
        null,
        0,
        null,
        null,
        null,
        1,
        2,
        2,
        null,
        null,
        null,
        2,
        2,
        null,
        2,
        0,
        0,
        0,
        0,
        null,
        null,
        null,
        2,
        4,
        2,
        null,
        null,
        null,
        null,
        null,
        1,
        2,
        2,
        null,
        null,
        null,
        1,
        null,
        2,
        null,
        2,
        2,
        null,
        2,
        2,
        2,
        2,
        null,
        0,
        0,
        null,
        null,
        null,
        null,
        1,
        null,
        0,
        0,
        0,
        null,
        0,
        null,
        0,
        0,
        null,
        0,
        null,
        0,
        null,
        0,
        null,
        null,
        0,
        0,
        null,
        null,
        null,
        1,
        0,
        null,
        null,
        null,
        1,
        0,
        0,
        0,
        null,
        null,
        null,
        1,
        4,
        4,
        null,
        4,
        3,
        3,
        3,
        3,
        null,
        1,
        null,
        null,
        4,
        1,
        null,
        3,
        null,
        null,
        null,
        1,
        null,
        1,
        0,
        0,
        null,
        null,
        null,
        null,
        null,
        1,
        0,
        0,
        0,
        null,
        0,
        null,
        null,
        null
      ],
      "/Users/wtsang/Dropbox/src/civiccommons/rubyconsumer-CivicCommons/app/controllers/admin/conversations_people_controller.rb": [
        1,
        null,
        1,
        null,
        1,
        0,
        null,
        null,
        1,
        0,
        0,
        0,
        null,
        0,
        0,
        null,
        0,
        null,
        0,
        null,
        null,
        1,
        0,
        0,
        0,
        0,
        null,
        0,
        0,
        null,
        null,
        null,
        1,
        0,
        0,
        null,
        0,
        null,
        null,
        null
      ],
      "/Users/wtsang/Dropbox/src/civiccommons/rubyconsumer-CivicCommons/app/controllers/admin/curated_feed_items_controller.rb": [
        1,
        null,
        1,
        null,
        null,
        1,
        1,
        1,
        null,
        null,
        null,
        1,
        2,
        2,
        null,
        null,
        null,
        1,
        5,
        5,
        5,
        5,
        5,
        null,
        null,
        null,
        1,
        6,
        6,
        6,
        6,
        null,
        6,
        4,
        null,
        2,
        null,
        null,
        null,
        null,
        1,
        3,
        3,
        3,
        3,
        null,
        null
      ],
      "/Users/wtsang/Dropbox/src/civiccommons/rubyconsumer-CivicCommons/app/controllers/admin/curated_feeds_controller.rb": [
        1,
        null,
        1,
        null,
        null,
        1,
        2,
        null,
        null,
        null,
        1,
        8,
        null,
        null,
        null,
        1,
        4,
        null,
        null,
        null,
        1,
        1,
        null,
        null,
        null,
        1,
        6,
        null,
        6,
        3,
        null,
        3,
        null,
        null,
        null,
        null,
        1,
        5,
        null,
        5,
        3,
        null,
        2,
        null,
        null,
        null,
        null,
        1,
        2,
        2,
        2,
        null,
        null
      ],
      "/Users/wtsang/Dropbox/src/civiccommons/rubyconsumer-CivicCommons/app/controllers/admin/email_restrictions_controller.rb": [
        1,
        null,
        1,
        null,
        null,
        null,
        1,
        1,
        null,
        1,
        1,
        1,
        null,
        null,
        null,
        null,
        null,
        1,
        0,
        null,
        0,
        0,
        0,
        null,
        null,
        null,
        null,
        null,
        1,
        1,
        null,
        1,
        1,
        1,
        null,
        null,
        null,
        null,
        1,
        0,
        null,
        null,
        null,
        null,
        1,
        0,
        null,
        0,
        0,
        0,
        0,
        null,
        0,
        0,
        null,
        null,
        null,
        null,
        null,
        null,
        1,
        0,
        null,
        0,
        0,
        0,
        0,
        null,
        0,
        0,
        null,
        null,
        null,
        null,
        null,
        null,
        1,
        0,
        0,
        null,
        0,
        0,
        0,
        null,
        null,
        null
      ],
      "/Users/wtsang/Dropbox/src/civiccommons/rubyconsumer-CivicCommons/app/controllers/admin/featured_homepage_controller.rb": [
        1,
        null,
        1,
        null,
        1,
        1,
        null,
        1,
        1,
        null,
        null,
        null,
        null,
        null,
        null,
        null,
        null,
        0,
        null,
        null,
        1,
        1,
        null,
        null,
        null,
        null,
        null,
        null,
        null,
        null,
        0,
        null,
        null,
        null,
        1,
        0,
        0,
        0,
        null,
        0,
        null,
        0,
        null,
        0,
        0,
        null,
        null,
        null
      ],
      "/Users/wtsang/Dropbox/src/civiccommons/rubyconsumer-CivicCommons/app/controllers/admin/featured_opportunities_controller.rb": [
        1,
        null,
        1,
        null,
        1,
        4,
        null,
        null,
        1,
        7,
        7,
        7,
        null,
        null,
        1,
        6,
        null,
        null,
        1,
        7,
        7,
        7,
        null,
        null,
        1,
        3,
        3,
        2,
        null,
        1,
        1,
        1,
        null,
        null,
        null,
        1,
        3,
        3,
        3,
        2,
        null,
        1,
        1,
        null,
        1,
        null,
        null,
        null,
        1,
        2,
        2,
        2,
        null,
        null,
        1,
        5,
        5,
        5,
        5,
        null,
        null,
        1,
        1,
        16,
        16,
        16,
        null,
        null
      ],
      "/Users/wtsang/Dropbox/src/civiccommons/rubyconsumer-CivicCommons/app/controllers/admin/issues_controller.rb": [
        1,
        null,
        1,
        null,
        null,
        1,
        5,
        null,
        null,
        null,
        1,
        5,
        5,
        null,
        null,
        null,
        1,
        9,
        null,
        9,
        9,
        null,
        9,
        5,
        5,
        null,
        4,
        4,
        null,
        null,
        null,
        null,
        1,
        4,
        4,
        null,
        4,
        null,
        null,
        null,
        1,
        7,
        null,
        7,
        7,
        null,
        7,
        4,
        4,
        null,
        3,
        null,
        3,
        3,
        null,
        null,
        null,
        null,
        1,
        null,
        8,
        8,
        8,
        null,
        8,
        2,
        null,
        null,
        null,
        6,
        3,
        null,
        null,
        3,
        3,
        null,
        null,
        5,
        5,
        10,
        5,
        null,
        null,
        null,
        null,
        1,
        2,
        null,
        null,
        null,
        1,
        2,
        2,
        2,
        null,
        null,
        1,
        null,
        1,
        24,
        13,
        null,
        null,
        null,
        null,
        null
      ],
      "/Users/wtsang/Dropbox/src/civiccommons/rubyconsumer-CivicCommons/app/controllers/admin/managed_issue_pages_controller.rb": [
        1,
        null,
        1,
        null,
        null,
        1,
        1,
        1,
        null,
        null,
        null,
        1,
        2,
        2,
        null,
        null,
        null,
        1,
        1,
        1,
        null,
        null,
        null,
        1,
        1,
        1,
        null,
        null,
        null,
        1,
        1,
        1,
        null,
        null,
        null,
        1,
        4,
        4,
        4,
        4,
        null,
        4,
        2,
        null,
        2,
        null,
        null,
        null,
        null,
        1,
        5,
        5,
        5,
        5,
        null,
        5,
        3,
        null,
        2,
        null,
        null,
        null,
        null,
        1,
        2,
        2,
        2,
        2,
        null,
        null
      ],
      "/Users/wtsang/Dropbox/src/civiccommons/rubyconsumer-CivicCommons/app/controllers/admin/metro_regions_controller.rb": [
        1,
        null,
        1,
        null,
        1,
        0,
        null,
        null,
        1,
        0,
        null,
        null,
        1,
        0,
        null,
        0,
        0,
        null,
        0,
        null,
        null,
        null,
        1,
        0,
        0,
        0,
        null,
        0,
        null,
        null,
        null,
        1,
        1,
        null,
        null,
        1,
        1,
        1,
        null,
        null,
        1,
        0,
        null,
        null,
        1,
        0,
        0,
        null,
        0,
        0,
        0,
        null,
        null,
        null
      ],
      "/Users/wtsang/Dropbox/src/civiccommons/rubyconsumer-CivicCommons/app/controllers/admin/people_controller.rb": [
        1,
        null,
        1,
        null,
        1,
        null,
        1,
        4,
        4,
        null,
        null,
        null,
        1,
        6,
        null,
        null,
        null,
        1,
        1,
        1,
        null,
        null,
        null,
        1,
        1,
        null,
        null,
        null,
        1,
        0,
        0,
        0,
        0,
        0,
        null,
        0,
        null,
        null,
        null,
        null,
        1,
        0,
        null,
        null,
        null,
        1,
        2,
        2,
        1,
        1,
        null,
        null,
        2,
        2,
        2,
        null,
        0,
        null,
        null,
        null,
        1,
        1,
        null,
        null,
        1,
        1,
        null,
        null,
        null,
        1,
        0,
        null,
        null,
        null,
        1,
        0,
        0,
        0,
        0,
        0,
        null,
        null,
        null,
        1,
        3,
        3,
        3,
        null,
        null,
        1,
        null,
        1,
        7,
        null,
        null,
        null,
        null,
        null,
        null,
        null,
        null,
        null,
        1,
        2,
        2,
        2,
        2,
        0,
        null,
        2,
        null,
        null,
        null,
        null
      ],
      "/Users/wtsang/Dropbox/src/civiccommons/rubyconsumer-CivicCommons/app/controllers/admin/regions_controller.rb": [
        1,
        null,
        1,
        null,
        1,
        1,
        null,
        null,
        1,
        1,
        null,
        null,
        1,
        0,
        0,
        0,
        null,
        0,
        null,
        null,
        null,
        1,
        1,
        1,
        0,
        null,
        1,
        null,
        null,
        null,
        1,
        1,
        null,
        null,
        null
      ],
      "/Users/wtsang/Dropbox/src/civiccommons/rubyconsumer-CivicCommons/app/controllers/admin/surveys_controller.rb": [
        1,
        null,
        1,
        null,
        null,
        null,
        1,
        6,
        null,
        6,
        6,
        6,
        null,
        null,
        null,
        null,
        null,
        1,
        5,
        null,
        5,
        5,
        5,
        null,
        null,
        null,
        null,
        null,
        1,
        8,
        8,
        8,
        40,
        null,
        null,
        8,
        8,
        8,
        null,
        null,
        null,
        null,
        1,
        2,
        2,
        2,
        10,
        null,
        null,
        2,
        null,
        null,
        null,
        null,
        1,
        9,
        9,
        9,
        9,
        9,
        null,
        null,
        9,
        4,
        null,
        null,
        9,
        9,
        14,
        7,
        null,
        4,
        2,
        null,
        null,
        null,
        null,
        null,
        null,
        1,
        5,
        5,
        5,
        5,
        5,
        5,
        4,
        2,
        null,
        6,
        3,
        null,
        null,
        null,
        null,
        null,
        null,
        1,
        2,
        2,
        null,
        2,
        4,
        2,
        null,
        null,
        null,
        null,
        1,
        4,
        4,
        4,
        null,
        null,
        1,
        4,
        4,
        4,
        4,
        null,
        null,
        1,
        4,
        4,
        4,
        4,
        null,
        null,
        null
      ],
      "/Users/wtsang/Dropbox/src/civiccommons/rubyconsumer-CivicCommons/app/controllers/admin/topics_controller.rb": [
        1,
        null,
        1,
        null,
        null,
        null,
        1,
        5,
        null,
        5,
        5,
        5,
        null,
        null,
        null,
        null,
        null,
        1,
        3,
        null,
        3,
        3,
        3,
        null,
        null,
        null,
        null,
        null,
        1,
        4,
        null,
        4,
        4,
        4,
        null,
        null,
        null,
        null,
        1,
        2,
        null,
        null,
        null,
        null,
        1,
        6,
        null,
        6,
        6,
        6,
        3,
        null,
        6,
        3,
        null,
        null,
        null,
        null,
        null,
        null,
        1,
        6,
        null,
        6,
        6,
        6,
        3,
        null,
        6,
        3,
        null,
        null,
        null,
        null,
        null,
        null,
        1,
        3,
        3,
        null,
        3,
        6,
        3,
        null,
        null,
        null
      ],
      "/Users/wtsang/Dropbox/src/civiccommons/rubyconsumer-CivicCommons/app/controllers/admin/user_registrations_controller.rb": [
        1,
        null,
        1,
        null,
        1,
        4,
        null,
        null,
        1,
        4,
        4,
        4,
        4,
        null,
        0,
        null,
        null,
        null,
        null
      ],
      "/Users/wtsang/Dropbox/src/civiccommons/rubyconsumer-CivicCommons/app/controllers/admin/widget_stats_controller.rb": [
        1,
        null,
        1,
        null,
        1,
        7,
        7,
        null,
        1,
        6,
        6,
        6,
        null,
        null
      ],
      "/Users/wtsang/Dropbox/src/civiccommons/rubyconsumer-CivicCommons/app/controllers/authentication_controller.rb": [
        1,
        1,
        1,
        1,
        1,
        null,
        1,
        3,
        null,
        null,
        1,
        null,
        null,
        1,
        2,
        null,
        null,
        1,
        3,
        2,
        null,
        1,
        null,
        null,
        null,
        1,
        6,
        6,
        6,
        4,
        4,
        null,
        2,
        null,
        null,
        null,
        1,
        3,
        null,
        null,
        1,
        1,
        null,
        null,
        1,
        3,
        2,
        2,
        null,
        1,
        null,
        null,
        null,
        1,
        4,
        null,
        null,
        1,
        null,
        1,
        13,
        null,
        null,
        1,
        13,
        0,
        0,
        null,
        null,
        null
      ],
      "/Users/wtsang/Dropbox/src/civiccommons/rubyconsumer-CivicCommons/app/controllers/blog_controller.rb": [
        1,
        null,
        null,
        1,
        1,
        1,
        null,
        null,
        null,
        1,
        15,
        15,
        15,
        15,
        15,
        15,
        15,
        15,
        null,
        15,
        15,
        30,
        null,
        null,
        null,
        null
      ],
      "/Users/wtsang/Dropbox/src/civiccommons/rubyconsumer-CivicCommons/app/controllers/community_controller.rb": [
        1,
        null,
        1,
        28,
        28,
        28,
        28,
        28,
        null,
        null,
        1,
        1,
        27,
        27,
        null,
        4,
        4,
        null,
        8,
        8,
        null,
        15,
        15,
        null,
        null,
        null,
        1,
        27,
        27,
        null,
        20,
        null,
        2,
        null,
        5,
        null,
        null,
        null,
        1,
        27,
        null,
        null,
        null
      ],
      "/Users/wtsang/Dropbox/src/civiccommons/rubyconsumer-CivicCommons/app/controllers/confirmations_controller.rb": [
        1,
        null
      ],
      "/Users/wtsang/Dropbox/src/civiccommons/rubyconsumer-CivicCommons/app/controllers/content_controller.rb": [
        1,
        1,
        0,
        0,
        null,
        null,
        1,
        0,
        null,
        null
      ],
      "/Users/wtsang/Dropbox/src/civiccommons/rubyconsumer-CivicCommons/app/controllers/contributions_controller.rb": [
        1,
        1,
        1,
        null,
        1,
        1,
        1,
        null,
        1,
        0,
        0,
        null,
        0,
        0,
        0,
        null,
        0,
        0,
        0,
        0,
        null,
        0,
        0,
        0,
        0,
        0,
        null,
        null,
        0,
        0,
        0,
        null,
        0,
        0,
        null,
        0,
        null,
        0,
        null,
        null,
        null,
        null,
        null,
        1,
        7,
        7,
        4,
        null,
        3,
        null,
        null,
        7,
        7,
        null,
        null,
        null,
        1,
        2,
        2,
        null,
        null,
        null,
        1,
        0,
        0,
        0,
        null,
        null,
        null,
        null,
        1,
        2,
        2,
        1,
        null,
        2,
        null,
        null,
        1,
        0,
        0,
        0,
        0,
        0,
        null,
        null,
        null,
        1,
        0,
        0,
        0,
        0,
        0,
        0,
        null,
        null,
        null,
        1,
        0,
        null,
        null,
        1,
        0,
        0,
        0,
        null,
        null,
        1,
        null,
        1,
        0,
        0,
        null,
        null,
        null,
        1,
        0,
        0,
        0,
        0,
        null,
        null,
        null
      ],
      "/Users/wtsang/Dropbox/src/civiccommons/rubyconsumer-CivicCommons/app/controllers/conversations_controller.rb": [
        1,
        1,
        1,
        1,
        null,
        null,
        null,
        null,
        null,
        null,
        null,
        null,
        null,
        null,
        1,
        1,
        null,
        null,
        1,
        1,
        null,
        null,
        1,
        1,
        1,
        null,
        null,
        null,
        null,
        null,
        null,
        1,
        null,
        15,
        15,
        null,
        null,
        15,
        15,
        null,
        15,
        null,
        null,
        null,
        1,
        14,
        null,
        14,
        14,
        11,
        11,
        null,
        3,
        null,
        null,
        14,
        null,
        14,
        14,
        null,
        null,
        null,
        null,
        null,
        1,
        1,
        null,
        1,
        1,
        1,
        null,
        1,
        1,
        null,
        null,
        null,
        1,
        3,
        3,
        3,
        3,
        null,
        null,
        null,
        null,
        1,
        10,
        10,
        10,
        10,
        10,
        null,
        null,
        null,
        null,
        null,
        19,
        null,
        19,
        null,
        10,
        10,
        null,
        10,
        null,
        10,
        null,
        null,
        29,
        null,
        10,
        null,
        10,
        17,
        10,
        3,
        3,
        null,
        null,
        null,
        3,
        null,
        10,
        null,
        null,
        null,
        1,
        3,
        3,
        null,
        null,
        1,
        12,
        12,
        12,
        12,
        null,
        12,
        null,
        null,
        12,
        12,
        null,
        null,
        12,
        null,
        12,
        12,
        5,
        5,
        5,
        null,
        null,
        null,
        null,
        null,
        5,
        null,
        null,
        null,
        null,
        1,
        0,
        0,
        0,
        null,
        0,
        0,
        0,
        null,
        null,
        null,
        1,
        0,
        0,
        0,
        0,
        null,
        0,
        0,
        null,
        null,
        null,
        null,
        1,
        11,
        11,
        11,
        null,
        null,
        null,
        null,
        1,
        0,
        null,
        null,
        null,
        1,
        9,
        null,
        9,
        9,
        14,
        null,
        4,
        null,
        null,
        null,
        null,
        null,
        1,
        0,
        0,
        0,
        0,
        0,
        null,
        0,
        0,
        0,
        0,
        0,
        0,
        0,
        0,
        null,
        0,
        null,
        null,
        null,
        null,
        null,
        1,
        0,
        0,
        0,
        null,
        0,
        0,
        0,
        0,
        0,
        0,
        0,
        null,
        0,
        null,
        null,
        null,
        null,
        null,
        null,
        1,
        0,
        null,
        0,
        0,
        null,
        0,
        null,
        null,
        null,
        1,
        0,
        0,
        null,
        0,
        0,
        0,
        null,
        null,
        null,
        1,
        0,
        0,
        0,
        0,
        0,
        null,
        0,
        0,
        0,
        0,
        null,
        null,
        null,
        1,
        null,
        1,
        9,
        9,
        null,
        0,
        null,
        null,
        null,
        null,
        null,
        9,
        3,
        null,
        null,
        null,
        1,
        9,
        9,
        9,
        null,
        9,
        9,
        9,
        9,
        0,
        0,
        null,
        null,
        null,
        1,
        18,
        4,
        4,
        null,
        null,
        null,
        null
      ],
      "/Users/wtsang/Dropbox/src/civiccommons/rubyconsumer-CivicCommons/app/controllers/curated_feed_item_controller.rb": [
        1,
        1,
        null,
        null,
        1,
        1,
        1,
        null,
        null,
        null
      ],
      "/Users/wtsang/Dropbox/src/civiccommons/rubyconsumer-CivicCommons/app/controllers/feeds_controller.rb": [
        1,
        null,
        null,
        1,
        2,
        1,
        null,
        1,
        null,
        null,
        null
      ],
      "/Users/wtsang/Dropbox/src/civiccommons/rubyconsumer-CivicCommons/app/controllers/homepage_controller.rb": [
        1,
        1,
        null,
        1,
        161,
        161,
        161,
        null,
        161,
        161,
        null,
        161,
        161,
        null,
        null,
        null,
        null
      ],
      "/Users/wtsang/Dropbox/src/civiccommons/rubyconsumer-CivicCommons/app/controllers/invites_controller.rb": [
        1,
        1,
        null,
        1,
        3,
        3,
        3,
        3,
        null,
        3,
        3,
        1,
        1,
        null,
        2,
        null,
        null,
        null,
        null,
        1,
        2,
        2,
        null,
        2,
        2,
        1,
        1,
        null,
        2,
        1,
        null,
        1,
        null,
        2,
        1,
        null,
        null,
        null,
        null,
        null
      ],
      "/Users/wtsang/Dropbox/src/civiccommons/rubyconsumer-CivicCommons/app/controllers/issues_controller.rb": [
        1,
        1,
        1,
        null,
        null,
        1,
        9,
        9,
        9,
        null,
        9,
        9,
        9,
        9,
        null,
        null,
        null,
        1,
        13,
        13,
        13,
        13,
        null,
        13,
        2,
        2,
        null,
        11,
        11,
        11,
        11,
        11,
        null,
        11,
        11,
        null,
        null,
        null,
        null,
        1,
        0,
        0,
        0,
        0,
        0,
        null,
        0,
        0,
        null,
        0,
        0,
        0,
        0,
        null,
        0,
        0,
        null,
        null,
        null,
        null,
        null
      ],
      "/Users/wtsang/Dropbox/src/civiccommons/rubyconsumer-CivicCommons/app/controllers/links_controller.rb": [
        1,
        1,
        null,
        1,
        0,
        0,
        0,
        0,
        0,
        0,
        null,
        null,
        1,
        0,
        0,
        0,
        null,
        null,
        1,
        null,
        1,
        0,
        0,
        0,
        null,
        null,
        1,
        0,
        null,
        null,
        1,
        0,
        null,
        null,
        1,
        0,
        null,
        null
      ],
      "/Users/wtsang/Dropbox/src/civiccommons/rubyconsumer-CivicCommons/app/controllers/managed_issue_pages_controller.rb": [
        1,
        null,
        1,
        7,
        4,
        2,
        null,
        5,
        2,
        null,
        3,
        null,
        null,
        null,
        null
      ],
      "/Users/wtsang/Dropbox/src/civiccommons/rubyconsumer-CivicCommons/app/controllers/metro_regions_controller.rb": [
        1,
        1,
        null,
        1,
        4,
        4,
        null,
        null,
        1,
        1,
        0,
        0,
        null,
        1,
        1,
        null,
        null,
        null
      ],
      "/Users/wtsang/Dropbox/src/civiccommons/rubyconsumer-CivicCommons/app/controllers/news_controller.rb": [
        1,
        null,
        null,
        1,
        0,
        0,
        0,
        null,
        null,
        null,
        null
      ],
      "/Users/wtsang/Dropbox/src/civiccommons/rubyconsumer-CivicCommons/app/controllers/notifications_controller.rb": [
        1,
        1,
        null,
        1,
        0,
        null,
        null,
        1,
        0,
        null,
        null,
        1,
        0,
        0,
        null,
        0,
        null,
        null,
        null
      ],
      "/Users/wtsang/Dropbox/src/civiccommons/rubyconsumer-CivicCommons/app/controllers/opportunity_votes_controller.rb": [
        1,
        1,
        1,
        1,
        1,
        1,
        1,
        null,
        1,
        6,
        6,
        6,
        null,
        null,
        null,
        1,
        5,
        5,
        5,
        5,
        null,
        5,
        1,
        null,
        4,
        null,
        null,
        null,
        1,
        10,
        10,
        null,
        null,
        1,
        0,
        0,
        0,
        0,
        null,
        null,
        1,
        5,
        5,
        5,
        null,
        null,
        3,
        2,
        2,
        null,
        1,
        null,
        null,
        null,
        2,
        null,
        null,
        null,
        1,
        1,
        1,
        1,
        null,
        null,
        1,
        1,
        1,
        null,
        null,
        1,
        null,
        1,
        3,
        3,
        3,
        null,
        0,
        null,
        null,
        null,
        1,
        6,
        6,
        null,
        null,
        1,
        31,
        null,
        null,
        1,
        10,
        10,
        null,
        null
      ],
      "/Users/wtsang/Dropbox/src/civiccommons/rubyconsumer-CivicCommons/app/controllers/pages_controller.rb": [
        1,
        null,
        1,
        4,
        2,
        null,
        2,
        null,
        null,
        null
      ],
      "/Users/wtsang/Dropbox/src/civiccommons/rubyconsumer-CivicCommons/app/controllers/passwords_controller.rb": [
        1,
        null,
        1,
        1,
        null,
        null,
        1,
        7,
        null,
        7,
        4,
        null,
        null,
        4,
        null,
        4,
        3,
        2,
        2,
        null,
        1,
        null,
        null,
        null,
        1,
        2,
        null,
        null
      ],
      "/Users/wtsang/Dropbox/src/civiccommons/rubyconsumer-CivicCommons/app/controllers/petitions_controller.rb": [
        1,
        1,
        null,
        1,
        1,
        1,
        null,
        1,
        3,
        null,
        null,
        1,
        9,
        9,
        9,
        9,
        null,
        null,
        null,
        1,
        2,
        null,
        null,
        1,
        4,
        4,
        3,
        null,
        1,
        null,
        null,
        null,
        1,
        5,
        5,
        null,
        5,
        5,
        null,
        null,
        1,
        6,
        6,
        6,
        4,
        4,
        null,
        2,
        null,
        null,
        null,
        1,
        4,
        4,
        4,
        4,
        null,
        null,
        1,
        2,
        null,
        2,
        null,
        null,
        1,
        0,
        0,
        null,
        null,
        1,
        1,
        35,
        null,
        null
      ],
      "/Users/wtsang/Dropbox/src/civiccommons/rubyconsumer-CivicCommons/app/controllers/products_services_controller.rb": [
        1,
        1,
        null,
        null,
        1,
        0,
        null,
        null,
        1,
        0,
        0,
        0,
        null,
        null,
        null,
        null,
        null,
        0,
        0,
        null,
        0,
        null,
        null,
        null
      ],
      "/Users/wtsang/Dropbox/src/civiccommons/rubyconsumer-CivicCommons/app/controllers/projects_controller.rb": [
        1,
        1,
        null,
        null,
        1,
        4,
        4,
        4,
        null,
        null,
        null
      ],
      "/Users/wtsang/Dropbox/src/civiccommons/rubyconsumer-CivicCommons/app/controllers/radioshow_controller.rb": [
        1,
        null,
        null,
        1,
        2,
        null,
        2,
        2,
        null,
        null,
        null,
        1,
        3,
        null,
        3,
        3,
        3,
        3,
        null,
        3,
        3,
        3,
        3,
        3,
        null,
        null,
        null,
        null,
        null,
        1,
        0,
        null,
        null
      ],
      "/Users/wtsang/Dropbox/src/civiccommons/rubyconsumer-CivicCommons/app/controllers/reflection_comments_controller.rb": [
        1,
        1,
        null,
        1,
        1,
        1,
        1,
        null,
        null,
        1,
        null,
        null,
        1,
        4,
        3,
        3,
        null,
        1,
        null,
        null,
        null,
        1,
        3,
        3,
        3,
        null,
        null,
        1,
        5,
        5,
        null,
        5,
        5,
        8,
        null,
        2,
        null,
        null,
        null,
        null,
        1,
        null,
        1,
        9,
        null,
        null,
        1,
        3,
        0,
        0,
        null,
        null,
        null,
        1,
        14,
        14,
        null,
        null,
        null,
        null
      ],
      "/Users/wtsang/Dropbox/src/civiccommons/rubyconsumer-CivicCommons/app/controllers/reflections_controller.rb": [
        1,
        1,
        null,
        1,
        1,
        1,
        null,
        1,
        1,
        24,
        null,
        null,
        1,
        1,
        3,
        null,
        null,
        1,
        9,
        9,
        9,
        9,
        null,
        null,
        1,
        1,
        null,
        null,
        1,
        1,
        null,
        null,
        1,
        4,
        4,
        4,
        null,
        4,
        4,
        4,
        2,
        null,
        4,
        2,
        null,
        null,
        null,
        null,
        1,
        4,
        4,
        4,
        8,
        4,
        null,
        0,
        0,
        null,
        null,
        null,
        null,
        1,
        2,
        2,
        null,
        2,
        4,
        2,
        null,
        null,
        null,
        null
      ],
      "/Users/wtsang/Dropbox/src/civiccommons/rubyconsumer-CivicCommons/app/controllers/regions_controller.rb": [
        1,
        null,
        1,
        0,
        null,
        null,
        1,
        1,
        1,
        1,
        null,
        null,
        null
      ],
      "/Users/wtsang/Dropbox/src/civiccommons/rubyconsumer-CivicCommons/app/controllers/registrations/omniauth_callbacks_controller.rb": [
        1,
        1,
        null,
        1,
        17,
        10,
        null,
        7,
        5,
        null,
        2,
        null,
        null,
        null,
        null,
        1,
        1,
        1,
        null,
        null,
        1,
        1,
        0,
        null,
        null,
        1,
        2,
        2,
        1,
        null,
        1,
        1,
        null,
        null,
        null,
        1,
        0,
        null,
        null,
        1,
        3,
        3,
        null,
        null,
        1,
        10,
        null,
        10,
        7,
        null,
        7,
        7,
        1,
        null,
        6,
        null,
        null,
        3,
        null,
        null,
        null,
        1,
        6,
        6,
        null,
        null,
        1,
        1,
        1,
        null,
        null,
        1,
        5,
        5,
        5,
        5,
        null,
        null,
        1,
        1,
        1,
        null,
        null,
        1,
        1,
        1,
        null,
        null,
        1,
        6,
        6,
        null,
        null,
        1,
        8,
        8,
        8,
        null,
        null,
        null,
        null,
        null,
        null,
        null,
        null,
        null,
        null,
        8,
        null,
        null,
        1,
        8,
        8,
        8,
        null,
        null,
        null,
        null,
        null,
        null,
        null,
        null,
        null,
        null,
        null,
        null,
        8,
        null,
        null,
        1,
        null,
        null,
        null,
        null,
        null,
        null,
        null,
        null,
        null,
        24,
        null,
        null,
        1,
        16,
        null,
        null,
        1,
        null,
        1,
        null,
        null
      ],
      "/Users/wtsang/Dropbox/src/civiccommons/rubyconsumer-CivicCommons/app/controllers/registrations_controller.rb": [
        1,
        null,
        1,
        1,
        1,
        null,
        1,
        10,
        3,
        3,
        3,
        null,
        10,
        null,
        null,
        1,
        6,
        null,
        null,
        1,
        83,
        null,
        null,
        1,
        null,
        5,
        10,
        null,
        null,
        1,
        null,
        3,
        null,
        3,
        1,
        0,
        0,
        0,
        null,
        1,
        1,
        1,
        null,
        null,
        2,
        4,
        null,
        null,
        null,
        1,
        1,
        null,
        8,
        8,
        null,
        null,
        null
      ],
      "/Users/wtsang/Dropbox/src/civiccommons/rubyconsumer-CivicCommons/app/controllers/search_controller.rb": [
        1,
        1,
        null,
        15,
        15,
        null,
        15,
        6,
        null,
        9,
        null,
        null,
        15,
        9,
        9,
        null,
        6,
        0,
        null,
        6,
        null,
        null,
        null,
        null,
        null,
        1,
        3,
        3,
        11,
        null,
        3,
        null,
        null,
        null,
        1,
        1,
        13,
        null,
        2,
        null,
        2,
        null,
        2,
        null,
        2,
        null,
        2,
        null,
        2,
        null,
        null,
        null
      ],
      "/Users/wtsang/Dropbox/src/civiccommons/rubyconsumer-CivicCommons/app/controllers/sessions_controller.rb": [
        1,
        1,
        1,
        null,
        1,
        1,
        1,
        1,
        null,
        1,
        131,
        131,
        3,
        null,
        null,
        null,
        1,
        127,
        126,
        126,
        null,
        null,
        1,
        2,
        2,
        2,
        null,
        null,
        null,
        1,
        6,
        6,
        6,
        6,
        6,
        7,
        6,
        5,
        5,
        null,
        null,
        null,
        0,
        null,
        null,
        null,
        null
      ],
      "/Users/wtsang/Dropbox/src/civiccommons/rubyconsumer-CivicCommons/app/controllers/subscriptions_controller.rb": [
        1,
        1,
        null,
        1,
        2,
        null,
        2,
        null,
        2,
        3,
        2,
        null,
        null,
        null,
        1,
        1,
        1,
        null,
        1,
        2,
        1,
        null,
        null,
        null,
        null
      ],
      "/Users/wtsang/Dropbox/src/civiccommons/rubyconsumer-CivicCommons/app/controllers/surveys_controller.rb": [
        1,
        1,
        1,
        1,
        1,
        null,
        null,
        1,
        21,
        21,
        12,
        null,
        9,
        4,
        4,
        null,
        5,
        null,
        null,
        null,
        null,
        1,
        15,
        null,
        15,
        7,
        6,
        6,
        8,
        10,
        null,
        null,
        1,
        null,
        null,
        8,
        15,
        9,
        null,
        null,
        null,
        null,
        null,
        1,
        4,
        null,
        null,
        1,
        null,
        1,
        40,
        null,
        null,
        1,
        24,
        3,
        null,
        null,
        null,
        1,
        25,
        1,
        null,
        null,
        null,
        null
      ],
      "/Users/wtsang/Dropbox/src/civiccommons/rubyconsumer-CivicCommons/app/controllers/tos_controller.rb": [
        1,
        1,
        null,
        1,
        3,
        null,
        3,
        3,
        2,
        null,
        4,
        null,
        null,
        null,
        null,
        1,
        2,
        2,
        2,
        1,
        null,
        null,
        null,
        2,
        2,
        1,
        1,
        null,
        1,
        1,
        null,
        null,
        null,
        null,
        null
      ],
      "/Users/wtsang/Dropbox/src/civiccommons/rubyconsumer-CivicCommons/app/controllers/unsubscribe_digest_controller.rb": [
        1,
        null,
        1,
        1,
        null,
        null,
        1,
        2,
        2,
        2,
        null,
        null,
        null
      ],
      "/Users/wtsang/Dropbox/src/civiccommons/rubyconsumer-CivicCommons/app/controllers/user_controller.rb": [
        1,
        1,
        1,
        1,
        1,
        1,
        null,
        1,
        18,
        5,
        null,
        null,
        null,
        1,
        3,
        3,
        2,
        4,
        null,
        null,
        1,
        1,
        null,
        null,
        null,
        null,
        1,
        3,
        3,
        3,
        5,
        null,
        null,
        0,
        0,
        null,
        null,
        null,
        null,
        1,
        1,
        null,
        null,
        1,
        7,
        7,
        7,
        null,
[...]
        null,
        null,
        null,
        null,
        null,
        null,
        null,
        null,
        null,
        null,
        null,
        null,
        null,
        null,
        null,
        null,
        null,
        null,
        null,
        null,
        null,
        null,
        null,
        null,
        null,
        null,
        null,
        null,
        null,
        null,
        null,
        null,
        null,
        null,
        null,
        null,
        null,
        null,
        null,
        null,
        null,
        null,
        null,
        null,
        null,
        null,
        null,
        null,
        null,
        null,
        null,
        null,
        null,
        null,
        null,
        null,
        null,
        null,
        null,
        null,
        null,
        null,
        null,
        null,
        null,
        null,
        null,
        null,
        null,
        null,
        null,
        null,
        null,
        null,
        1,
        null,
        1,
        1,
        1,
        null,
        1,
        null,
        1,
        null,
        1,
        null,
        null,
        82,
        31,
        null,
        null,
        null,
        82,
        1,
        null,
        null,
        null,
        81,
        null,
        null,
        77,
        null,
        null,
        74,
        5,
        null,
        null,
        69,
        null,
        null,
        null,
        1,
        1,
        null,
        null,
        1,
        null,
        1,
        34,
        0,
        null,
        34,
        34,
        34,
        null,
        1,
        null,
        33,
        null,
        null,
        1,
        33,
        32,
        null,
        1,
        null,
        null,
        null,
        1,
        34,
        34,
        14,
        14,
        39,
        39,
        null,
        null,
        34,
        null,
        null,
        1,
        34,
        34,
        34,
        34,
        null,
        null,
        1,
        null,
        null,
        81,
        null,
        null,
        81,
        null,
        17,
        1,
        null,
        null,
        null,
        16,
        null,
        null,
        16,
        16,
        null,
        null,
        16,
        16,
        null,
        4,
        null,
        4,
        2,
        null,
        2,
        null,
        null,
        null,
        14,
        1,
        null,
        13,
        null,
        null,
        13,
        13,
        null,
        null,
        77,
        null,
        null,
        1,
        null,
        null,
        77,
        null,
        null,
        77,
        null,
        null,
        18,
        null,
        null,
        18,
        null,
        null,
        17,
        17,
        null,
        0,
        null,
        0,
        0,
        null,
        0,
        null,
        null,
        null,
        null,
        16,
        1,
        null,
        15,
        null,
        null,
        15,
        15,
        null,
        null,
        74,
        null,
        null,
        null
      ],
      "/Users/wtsang/Dropbox/src/civiccommons/rubyconsumer-CivicCommons/lib/ccml/error.rb": [
        1,
        1,
        null,
        null
      ],
      "/Users/wtsang/Dropbox/src/civiccommons/rubyconsumer-CivicCommons/lib/ccml/error/base.rb": [
        1,
        1,
        null,
        1,
        1,
        null,
        1,
        28,
        28,
        7,
        4,
        null,
        28,
        null,
        null,
        null,
        null,
        null,
        null
      ],
      "/Users/wtsang/Dropbox/src/civiccommons/rubyconsumer-CivicCommons/lib/ccml/tag.rb": [
        1,
        1,
        null,
        null
      ],
      "/Users/wtsang/Dropbox/src/civiccommons/rubyconsumer-CivicCommons/lib/ccml/tag/single_tag.rb": [
        1,
        1,
        1,
        null,
        null,
        null
      ],
      "/Users/wtsang/Dropbox/src/civiccommons/rubyconsumer-CivicCommons/lib/ccml/tag/base.rb": [
        1,
        1,
        null,
        1,
        null,
        1,
        1,
        1,
        1,
        1,
        1,
        1,
        1,
        null,
        1,
        null,
        1,
        null,
        1,
        4,
        4,
        null,
        1,
        1,
        1,
        1,
        1,
        1,
        1,
        null,
        1,
        197,
        189,
        null,
        8,
        null,
        197,
        197,
        197,
        197,
        null,
        null,
        1,
        0,
        null,
        null,
        1,
        null,
        1,
        null,
        197,
        197,
        null,
        null,
        197,
        197,
        null,
        null,
        146,
        146,
        146,
        146,
        146,
        null,
        null,
        146,
        146,
        146,
        146,
        null,
        null,
        146,
        146,
        null,
        null,
        146,
        63,
        63,
        89,
        null,
        null,
        null,
        null,
        null,
        1,
        197,
        116,
        116,
        5,
        null,
        2,
        null,
        null,
        null,
        null,
        1,
        197,
        116,
        116,
        5,
        null,
        2,
        null,
        null,
        null,
        null,
        1,
        null,
        null,
        1,
        null,
        1,
        1,
        1,
        1,
        1,
        1,
        null,
        1,
        1,
        1,
        null,
        null,
        1,
        27,
        null,
        null,
        null,
        1,
        1,
        null,
        1,
        197,
        197,
        null,
        null,
        null,
        null,
        null,
        null,
        null,
        null
      ],
      "/Users/wtsang/Dropbox/src/civiccommons/rubyconsumer-CivicCommons/lib/ccml/tag/curated_feed_tag.rb": [
        1,
        null,
        null,
        null,
        null,
        null,
        null,
        null,
        null,
        null,
        null,
        null,
        null,
        null,
        1,
        4,
        4,
        3,
        null,
        1,
        null,
        null,
        null,
        null,
        null,
        null,
        null,
        null,
        null,
        null,
        null,
        1,
        2,
        null,
        null,
        null,
        null,
        null,
        null,
        null,
        null,
        null,
        null,
        null,
        null,
        null,
        null,
        null,
        null,
        null,
        null,
        1,
        5,
        5,
        4,
        4,
        4,
        4,
        4,
        null,
        1,
        null,
        null,
        null
      ],
      "/Users/wtsang/Dropbox/src/civiccommons/rubyconsumer-CivicCommons/lib/ccml/tag/tag_pair.rb": [
        1,
        1,
        null,
        1,
        null,
        1,
        null,
        1,
        1,
        1,
        1,
        1,
        1,
        null,
        1,
        null,
        null,
        52,
        52,
        null,
        null,
        52,
        null,
        null,
        175,
        null,
        null,
        175,
        175,
        175,
        null,
        null,
        175,
        null,
        null,
        null,
        52,
        null,
        null,
        1,
        null,
        1,
        14,
        14,
        14,
        5,
        5,
        null,
        null,
        null,
        null,
        14,
        null,
        null,
        1,
        null,
        null,
        175,
        175,
        null,
        null,
        7,
        7,
        null,
        null,
        7,
        4,
        4,
        7,
        7,
        null,
        null,
        null,
        null,
        7,
        2,
        2,
        null,
        null,
        null,
        7,
        0,
        0,
        null,
        null,
        null,
        7,
        null,
        null,
        175,
        null,
        null,
        1,
        null,
        null,
        175,
        175,
        null,
        null,
        1413,
        null,
        1413,
        1413,
        1413,
        1413,
        1420,
        1420,
        1413,
        null,
        7,
        7,
        null,
        null,
        1405,
        null,
        null,
        8,
        null,
        null,
        null,
        null,
        null,
        1413,
        129,
        129,
        128,
        null,
        null,
        null,
        null,
        null,
        null,
        1413,
        1413,
        null,
        null,
        1413,
        null,
        null,
        175,
        null,
        null,
        1,
        135,
        135,
        1910,
        2,
        2,
        null,
        2,
        2,
        7,
        null,
        null,
        null,
        135,
        null,
        null,
        null,
        null,
        null
      ],
      "/Users/wtsang/Dropbox/src/civiccommons/rubyconsumer-CivicCommons/lib/ccml/tag/issue_tag.rb": [
        1,
        null,
        null,
        null,
        null,
        null,
        null,
        null,
        null,
        null,
        null,
        null,
        null,
        null,
        null,
        null,
        null,
        null,
        null,
        null,
        null,
        null,
        null,
        null,
        null,
        null,
        null,
        null,
        null,
        null,
        null,
        null,
        null,
        1,
        4,
        4,
        3,
        null,
        1,
        null,
        null,
        null,
        null,
        null,
        null,
        null,
        null,
        null,
        null,
        null,
        null,
        null,
        null,
        null,
        null,
        null,
        1,
        6,
        6,
        4,
        null,
        2,
        null,
        null,
        null,
        null,
        null,
        null,
        null,
        null,
        null,
        null,
        null,
        null,
        null,
        null,
        null,
        null,
        null,
        null,
        null,
        null,
        null,
        null,
        null,
        null,
        null,
        null,
        null,
        null,
        null,
        null,
        null,
        null,
        null,
        null,
        null,
        1,
        7,
        7,
        6,
        null,
        1,
        null,
        null,
        1,
        1,
        null,
        null,
        null,
        null,
        null,
        null,
        1,
        0,
        0,
        0,
        0,
        0,
        null,
        0,
        null,
        0,
        null,
        null,
        null,
        null,
        null,
        null,
        null,
        null,
        null,
        1,
        6,
        6,
        6,
        6,
        2,
        null,
        4,
        null,
        6,
        null,
        null,
        null,
        null,
        null,
        1,
        0,
        null,
        null,
        1,
        null,
        1,
        6,
        6,
        null,
        0,
        null,
        6,
        null,
        null,
        null
      ],
      "/Users/wtsang/Dropbox/src/civiccommons/rubyconsumer-CivicCommons/lib/ccml/tag/rss_tag.rb": [
        1,
        1,
        1,
        null,
        1,
        null,
        1,
        null,
        null,
        null,
        null,
        null,
        null,
        null,
        null,
        null,
        null,
        null,
        null,
        null,
        null,
        null,
        null,
        null,
        null,
        null,
        null,
        null,
        null,
        null,
        null,
        null,
        null,
        null,
        null,
        null,
        null,
        null,
        null,
        null,
        1,
        12,
        12,
        null,
        7,
        7,
        7,
        null,
        7,
        null,
        7,
        88,
        88,
        88,
        88,
        88,
        null,
        null,
        7,
        null,
        null,
        null,
        null,
        null,
        null,
        null,
        null,
        null,
        null,
        null,
        null,
        null,
        null,
        null,
        null,
        null,
        1,
        8,
        null,
        8,
        5,
        null,
        null,
        3,
        3,
        3,
        null,
        3,
        27,
        null,
        3,
        null,
        null,
        null,
        null,
        null,
        null,
        null,
        null,
        null,
        null,
        null,
        null,
        null,
        null,
        null,
        null,
        null,
        null,
        null,
        null,
        null,
        null,
        null,
        null,
        null,
        null,
        null,
        null,
        null,
        1,
        1,
        1,
        null,
        null,
        1,
        null,
        null,
        null,
        1,
        null,
        1,
        115,
        null,
        null,
        null,
        null,
        null,
        115,
        null,
        null,
        1,
        8,
        8,
        8,
        8,
        8,
        8,
        8,
        8,
        8,
        8,
        8,
        8,
        8,
        8,
        8,
        8,
        8,
        null,
        8,
        8,
        null,
        null,
        1,
        null,
        null,
        21,
        21,
        21,
        null,
        null,
        21,
        null,
        18,
        33,
        15,
        null,
        null,
        3,
        null,
        null,
        null,
        17,
        null,
        null,
        null,
        17,
        null,
        null,
        3,
        null,
        21,
        null,
        null,
        null
      ],
      "/Users/wtsang/Dropbox/src/civiccommons/rubyconsumer-CivicCommons/lib/ccml/tag/vote_tag.rb": [
        1,
        null,
        null,
        null,
        null,
        1,
        5,
        3,
        null,
        2,
        2,
        null,
        null,
        5,
        null,
        null,
        0,
        null,
        null,
        null,
        null
      ],
      "/Users/wtsang/Dropbox/src/civiccommons/rubyconsumer-CivicCommons/lib/utilities/conversation_utilities.rb": [
        1,
        null,
        null,
        null,
        1,
        null,
        null,
        null,
        null,
        null,
        null,
        null,
        null,
        null,
        null,
        null,
        null,
        null,
        null,
        null,
        null,
        null,
        null,
        null,
        null,
        null,
        null,
        null,
        1,
        5,
        null,
        5,
        3,
        3,
        0,
        0,
        null,
        null,
        null,
        5,
        null,
        null,
        5,
        14,
        null,
        null,
        14,
        42,
        14,
        14,
        null,
        14,
        0,
        0,
        null,
        null,
        14,
        14,
        28,
        null,
        28,
        8,
        null,
        8,
        null,
        12,
        12,
        null,
        null,
        null,
        null,
        5,
        5,
        null,
        null,
        null
      ],
      "/Users/wtsang/Dropbox/src/civiccommons/rubyconsumer-CivicCommons/lib/utilities/person_utilities.rb": [
        1,
        1,
        null,
        1,
        null,
        1,
        1,
        null,
        null,
        1,
        null,
        1,
        99,
        99,
        null,
        null,
        1,
        330,
        null,
        null,
        1,
        12,
        1,
        null,
        null,
        11,
        11,
        11,
        11,
        11,
        11,
        11,
        11,
        null,
        11,
        11,
        11,
        13,
        13,
        13,
        null,
        11,
        11,
        null,
        11,
        null,
        11,
        11,
        1,
        1,
        1,
        null,
        11,
        11,
        null,
        11,
        11,
        11,
        1,
        1,
        1,
        null,
        11,
        11,
        null,
        11,
        11,
        null,
        11,
        2,
        2,
        null,
        11,
        11,
        null,
        11,
        11,
        11,
        1,
        1,
        1,
        null,
        11,
        11,
        null,
        11,
        11,
        11,
        1,
        1,
        1,
        null,
        11,
        11,
        null,
        11,
        11,
        11,
        1,
        1,
        1,
        null,
        null,
        11,
        11,
        null,
        11,
        11,
        null,
        11,
        11,
        11,
        1,
        1,
        1,
        null,
        11,
        11,
        null,
        null,
        null,
        null,
        0,
        0,
        null,
        null,
        11,
        11,
        null,
        null,
        null,
        null
      ],
      "/Users/wtsang/Dropbox/src/civiccommons/rubyconsumer-CivicCommons/lib/generic_object.rb": [
        1,
        null,
        1,
        null,
        1,
        0,
        0,
        null,
        0,
        null,
        null,
        null
      ],
      "/Users/wtsang/Dropbox/src/civiccommons/rubyconsumer-CivicCommons/lib/ccml/error/external_source_error.rb": [
        1,
        1,
        1,
        null,
        null,
        null
      ],
      "/Users/wtsang/Dropbox/src/civiccommons/rubyconsumer-CivicCommons/lib/ccml/error/malformed_tag_error.rb": [
        1,
        1,
        1,
        null,
        null,
        null
      ],
      "/Users/wtsang/Dropbox/src/civiccommons/rubyconsumer-CivicCommons/lib/ccml/error/not_implemented_error.rb": [
        1,
        1,
        1,
        null,
        null,
        null
      ],
      "/Users/wtsang/Dropbox/src/civiccommons/rubyconsumer-CivicCommons/lib/ccml/error/tag_base_class_in_template_error.rb": [
        1,
        1,
        1,
        null,
        null,
        null
      ],
      "/Users/wtsang/Dropbox/src/civiccommons/rubyconsumer-CivicCommons/lib/ccml/error/tag_class_not_found_error.rb": [
        1,
        1,
        1,
        null,
        null,
        null
      ],
      "/Users/wtsang/Dropbox/src/civiccommons/rubyconsumer-CivicCommons/lib/ccml/error/tag_method_not_found_error.rb": [
        1,
        1,
        1,
        null,
        null,
        null
      ],
      "/Users/wtsang/Dropbox/src/civiccommons/rubyconsumer-CivicCommons/lib/ccml/error/template_error.rb": [
        1,
        1,
        1,
        null,
        null,
        null
      ],
      "/Users/wtsang/Dropbox/src/civiccommons/rubyconsumer-CivicCommons/lib/ccml/tag/route_tag.rb": [
        1,
        null,
        1,
        1,
        1,
        null,
        null,
        null,
        null,
        null,
        1,
        0,
        null,
        null,
        null,
        null,
        null,
        null,
        null,
        null,
        1,
        1,
        null,
        null,
        null,
        null,
        null,
        null,
        null,
        null,
        1,
        0,
        null,
        null,
        1,
        null,
        1,
        1,
        null,
        1,
        1,
        null,
        null,
        1,
        1,
        0,
        null,
        1,
        null,
        null,
        0,
        null,
        0,
        null,
        null,
        1,
        0,
        0,
        null,
        0,
        null,
        null,
        0,
        null,
        null,
        null,
        null
      ]
    },
    "timestamp": 1385426965
  }
}
